[0m16:15:42.561231 [debug] [MainThread]: Sending event: {'category': 'dbt', 'action': 'invocation', 'label': 'start', 'context': [<snowplow_tracker.self_describing_json.SelfDescribingJson object at 0x000001E4F9E1F620>, <snowplow_tracker.self_describing_json.SelfDescribingJson object at 0x000001E4FAEA3D90>, <snowplow_tracker.self_describing_json.SelfDescribingJson object at 0x000001E4FAEA3890>]}


============================== 16:15:42.574407 | eb10a58d-2c7d-4ce1-a139-33d30c3531f6 ==============================
[0m16:15:42.574407 [info ] [MainThread]: Running with dbt=1.11.7
[0m16:15:42.575176 [debug] [MainThread]: running dbt with arguments {'partial_parse': 'True', 'write_json': 'True', 'send_anonymous_usage_stats': 'True', 'version_check': 'True', 'cache_selected_only': 'False', 'target_path': 'None', 'warn_error': 'None', 'invocation_command': 'dbt init dbt_project', 'log_format': 'default', 'use_colors': 'True', 'introspect': 'True', 'debug': 'False', 'printer_width': '80', 'fail_fast': 'False', 'no_print': 'None', 'use_experimental_parser': 'False', 'quiet': 'False', 'empty': 'None', 'log_cache_events': 'False', 'indirect_selection': 'eager', 'log_path': 'logs', 'profiles_dir': 'C:\\Users\\45235\\.dbt', 'warn_error_options': 'WarnErrorOptionsV2(error=[], warn=[], silence=[])', 'static_parser': 'True'}
[0m16:15:42.764784 [info ] [MainThread]: Creating dbt configuration folder at C:\Users\45235\.dbt
[0m16:15:42.767135 [info ] [MainThread]: A project called dbt_project already exists here.
[0m16:15:42.768360 [debug] [MainThread]: Command `dbt init` succeeded at 16:15:42.768131 after 0.33 seconds
[0m16:15:42.769031 [debug] [MainThread]: Sending event: {'category': 'dbt', 'action': 'invocation', 'label': 'end', 'context': [<snowplow_tracker.self_describing_json.SelfDescribingJson object at 0x000001E4FAD876F0>, <snowplow_tracker.self_describing_json.SelfDescribingJson object at 0x000001E4FAF73AD0>, <snowplow_tracker.self_describing_json.SelfDescribingJson object at 0x000001E4FAD2ECF0>]}
[0m16:15:42.769456 [debug] [MainThread]: Flushing usage events
[0m16:15:44.167095 [debug] [MainThread]: An error was encountered while trying to flush usage events
[0m16:16:12.852128 [debug] [MainThread]: Sending event: {'category': 'dbt', 'action': 'invocation', 'label': 'start', 'context': [<snowplow_tracker.self_describing_json.SelfDescribingJson object at 0x00000200DC51F620>, <snowplow_tracker.self_describing_json.SelfDescribingJson object at 0x00000200DE5A3D90>, <snowplow_tracker.self_describing_json.SelfDescribingJson object at 0x00000200DE5A3890>]}


============================== 16:16:12.857158 | 94d30934-0b9c-4db6-ab78-c7165c5da7f6 ==============================
[0m16:16:12.857158 [info ] [MainThread]: Running with dbt=1.11.7
[0m16:16:12.858281 [debug] [MainThread]: running dbt with arguments {'partial_parse': 'True', 'profiles_dir': 'C:\\Users\\45235\\.dbt', 'send_anonymous_usage_stats': 'True', 'use_colors': 'True', 'cache_selected_only': 'False', 'target_path': 'None', 'warn_error': 'None', 'invocation_command': 'dbt debug --project-dir dbt_project', 'log_format': 'default', 'version_check': 'True', 'introspect': 'True', 'debug': 'False', 'log_cache_events': 'False', 'fail_fast': 'False', 'no_print': 'None', 'use_experimental_parser': 'False', 'empty': 'None', 'quiet': 'False', 'printer_width': '80', 'log_path': 'logs', 'indirect_selection': 'eager', 'write_json': 'True', 'warn_error_options': 'WarnErrorOptionsV2(error=[], warn=[], silence=[])', 'static_parser': 'True'}
[0m16:16:12.892973 [info ] [MainThread]: dbt version: 1.11.7
[0m16:16:12.893658 [info ] [MainThread]: python version: 3.13.12
[0m16:16:12.894237 [info ] [MainThread]: python path: C:\Users\45235\AppData\Local\Microsoft\WindowsApps\PythonSoftwareFoundation.Python.3.13_qbz5n2kfra8p0\python.exe
[0m16:16:12.894605 [info ] [MainThread]: os info: Windows-11-10.0.26200-SP0
[0m16:16:12.895137 [info ] [MainThread]: Using profiles dir at C:\Users\45235\.dbt
[0m16:16:12.895582 [info ] [MainThread]: Using profiles.yml file at C:\Users\45235\.dbt\profiles.yml
[0m16:16:12.896039 [info ] [MainThread]: Using dbt_project.yml file at dbt_project\dbt_project.yml
[0m16:16:12.897169 [info ] [MainThread]: Configuration:
[0m16:16:12.897652 [info ] [MainThread]:   profiles.yml file [[31mERROR not found[0m]
[0m16:16:12.898060 [info ] [MainThread]:   dbt_project.yml file [[31mERROR invalid[0m]
[0m16:16:12.898456 [info ] [MainThread]: Required dependencies:
[0m16:16:12.899304 [debug] [MainThread]: Executing "git --help"
[0m16:16:12.946711 [debug] [MainThread]: STDOUT: "b"usage: git [-v | --version] [-h | --help] [-C <path>] [-c <name>=<value>]\n           [--exec-path[=<path>]] [--html-path] [--man-path] [--info-path]\n           [-p | --paginate | -P | --no-pager] [--no-replace-objects] [--no-lazy-fetch]\n           [--no-optional-locks] [--no-advice] [--bare] [--git-dir=<path>]\n           [--work-tree=<path>] [--namespace=<name>] [--config-env=<name>=<envvar>]\n           <command> [<args>]\n\nThese are common Git commands used in various situations:\n\nstart a working area (see also: git help tutorial)\n   clone      Clone a repository into a new directory\n   init       Create an empty Git repository or reinitialize an existing one\n\nwork on the current change (see also: git help everyday)\n   add        Add file contents to the index\n   mv         Move or rename a file, a directory, or a symlink\n   restore    Restore working tree files\n   rm         Remove files from the working tree and from the index\n\nexamine the history and state (see also: git help revisions)\n   bisect     Use binary search to find the commit that introduced a bug\n   diff       Show changes between commits, commit and working tree, etc\n   grep       Print lines matching a pattern\n   log        Show commit logs\n   show       Show various types of objects\n   status     Show the working tree status\n\ngrow, mark and tweak your common history\n   backfill   Download missing objects in a partial clone\n   branch     List, create, or delete branches\n   commit     Record changes to the repository\n   merge      Join two or more development histories together\n   rebase     Reapply commits on top of another base tip\n   reset      Reset current HEAD to the specified state\n   switch     Switch branches\n   tag        Create, list, delete or verify a tag object signed with GPG\n\ncollaborate (see also: git help workflows)\n   fetch      Download objects and refs from another repository\n   pull       Fetch from and integrate with another repository or a local branch\n   push       Update remote refs along with associated objects\n\n'git help -a' and 'git help -g' list available subcommands and some\nconcept guides. See 'git help <command>' or 'git help <concept>'\nto read about a specific subcommand or concept.\nSee 'git help git' for an overview of the system.\n""
[0m16:16:12.947118 [debug] [MainThread]: STDERR: "b''"
[0m16:16:12.947480 [info ] [MainThread]:  - git [[32mOK found[0m]

[0m16:16:12.947862 [info ] [MainThread]: Connection test skipped since no profile was found
[0m16:16:12.948312 [info ] [MainThread]: [31m2 checks failed:[0m
[0m16:16:12.948691 [info ] [MainThread]: dbt looked for a profiles.yml file in C:\Users\45235\.dbt\profiles.yml, but did
not find one. For more information on configuring your profile, consult the
documentation:

https://docs.getdbt.com/docs/configure-your-profile


[0m16:16:12.949081 [info ] [MainThread]: Project loading failed for the following reason:
Runtime Error
  dbt_project.yml does not parse to a dictionary


[0m16:16:12.950160 [debug] [MainThread]: Command `dbt debug` failed at 16:16:12.949992 after 0.21 seconds
[0m16:16:12.950526 [debug] [MainThread]: Sending event: {'category': 'dbt', 'action': 'invocation', 'label': 'end', 'context': [<snowplow_tracker.self_describing_json.SelfDescribingJson object at 0x00000200DE6688A0>, <snowplow_tracker.self_describing_json.SelfDescribingJson object at 0x00000200DE43F890>, <snowplow_tracker.self_describing_json.SelfDescribingJson object at 0x00000200DE42F570>]}
[0m16:16:12.950888 [debug] [MainThread]: Flushing usage events
[0m16:16:14.150715 [debug] [MainThread]: An error was encountered while trying to flush usage events
